[Running] cd "/home/dext3r/DSA/Structures/" && g++ Q1.cpp -o Q1 && "/home/dext3r/DSA/Structures/"Q1
/usr/bin/ld: /usr/lib/gcc/x86_64-pc-linux-gnu/11.1.0/../../../../lib/Scrt1.o: in function `_start':
(.text+0x24): undefined reference to `main'
collect2: error: ld returned 1 exit status

[Done] exited with code=1 in 0.081 seconds

[Running] cd "/home/dext3r/DSA/Structures/" && g++ Q1.cpp -o Q1 && "/home/dext3r/DSA/Structures/"Q1
/usr/bin/ld: /usr/lib/gcc/x86_64-pc-linux-gnu/11.1.0/../../../../lib/Scrt1.o: in function `_start':
(.text+0x24): undefined reference to `main'
collect2: error: ld returned 1 exit status

[Done] exited with code=1 in 0.091 seconds

[Running] cd "/home/dext3r/DSA/Structures/" && g++ Q1.cpp -o Q1 && "/home/dext3r/DSA/Structures/"Q1
/usr/bin/ld: /usr/lib/gcc/x86_64-pc-linux-gnu/11.1.0/../../../../lib/Scrt1.o: in function `_start':
(.text+0x24): undefined reference to `main'
collect2: error: ld returned 1 exit status

[Done] exited with code=1 in 0.123 seconds

[Running] cd "/home/dext3r/DSA/Structures/" && g++ Q1.cpp -o Q1 && "/home/dext3r/DSA/Structures/"Q1
/usr/bin/ld: /usr/lib/gcc/x86_64-pc-linux-gnu/11.1.0/../../../../lib/Scrt1.o: in function `_start':
(.text+0x24): undefined reference to `main'
collect2: error: ld returned 1 exit status

[Done] exited with code=1 in 0.048 seconds

[Running] cd "/home/dext3r/DSA/Structures/" && g++ Q1.cpp -o Q1 && "/home/dext3r/DSA/Structures/"Q1
/usr/bin/ld: /usr/lib/gcc/x86_64-pc-linux-gnu/11.1.0/../../../../lib/Scrt1.o: in function `_start':
(.text+0x24): undefined reference to `main'
collect2: error: ld returned 1 exit status

[Done] exited with code=1 in 0.083 seconds

[Running] cd "/home/dext3r/DSA/Structures/" && g++ Q1.cpp -o Q1 && "/home/dext3r/DSA/Structures/"Q1
/usr/bin/ld: /usr/lib/gcc/x86_64-pc-linux-gnu/11.1.0/../../../../lib/Scrt1.o: in function `_start':
(.text+0x24): undefined reference to `main'
collect2: error: ld returned 1 exit status

[Done] exited with code=1 in 0.092 seconds

[Running] cd "/home/dext3r/DSA/Structures/" && g++ Q1.cpp -o Q1 && "/home/dext3r/DSA/Structures/"Q1
/usr/bin/ld: /usr/lib/gcc/x86_64-pc-linux-gnu/11.1.0/../../../../lib/Scrt1.o: in function `_start':
(.text+0x24): undefined reference to `main'
collect2: error: ld returned 1 exit status

[Done] exited with code=1 in 0.045 seconds

[Running] cd "/home/dext3r/DSA/Structures/" && g++ Q1.cpp -o Q1 && "/home/dext3r/DSA/Structures/"Q1
/usr/bin/ld: /usr/lib/gcc/x86_64-pc-linux-gnu/11.1.0/../../../../lib/Scrt1.o: in function `_start':
(.text+0x24): undefined reference to `main'
collect2: error: ld returned 1 exit status

[Done] exited with code=1 in 0.108 seconds

[Running] cd "/home/dext3r/DSA/Structures/" && g++ Q1.cpp -o Q1 && "/home/dext3r/DSA/Structures/"Q1
/usr/bin/ld: /usr/lib/gcc/x86_64-pc-linux-gnu/11.1.0/../../../../lib/Scrt1.o: in function `_start':
(.text+0x24): undefined reference to `main'
collect2: error: ld returned 1 exit status

[Done] exited with code=1 in 0.057 seconds

