[2021-07-03 17:19:30.789] [main] [info] update#setState idle
[2021-07-03 17:20:00.804] [main] [info] update#setState checking for updates
[2021-07-03 17:20:00.889] [main] [info] update#setState idle
[2021-07-03 18:20:00.906] [main] [info] update#setState checking for updates
[2021-07-03 18:20:01.411] [main] [info] update#setState idle
[2021-07-03 19:20:01.006] [main] [info] update#setState checking for updates
[2021-07-03 19:20:01.008] [main] [error] Error: net::ERR_INTERNET_DISCONNECTED
    at SimpleURLLoaderWrapper.<anonymous> (electron/js2c/browser_init.js:109:7068)
    at SimpleURLLoaderWrapper.emit (events.js:315:20)
[2021-07-03 19:20:01.008] [main] [info] update#setState idle
[2021-07-03 20:20:01.051] [main] [info] update#setState checking for updates
[2021-07-03 20:20:01.057] [main] [error] Error: net::ERR_INTERNET_DISCONNECTED
    at SimpleURLLoaderWrapper.<anonymous> (electron/js2c/browser_init.js:109:7068)
    at SimpleURLLoaderWrapper.emit (events.js:315:20)
[2021-07-03 20:20:01.057] [main] [info] update#setState idle
[2021-07-03 21:20:01.154] [main] [info] update#setState checking for updates
[2021-07-03 21:20:01.160] [main] [error] Error: net::ERR_INTERNET_DISCONNECTED
    at SimpleURLLoaderWrapper.<anonymous> (electron/js2c/browser_init.js:109:7068)
    at SimpleURLLoaderWrapper.emit (events.js:315:20)
[2021-07-03 21:20:01.160] [main] [info] update#setState idle
[2021-07-03 22:20:01.257] [main] [info] update#setState checking for updates
[2021-07-03 22:20:02.060] [main] [info] update#setState idle
