[2021-07-03 17:19:45.020] [renderer1] [error] Could not find category with ID: ms-vscode.cpptools#cppWelcome: Error: Could not find category with ID: ms-vscode.cpptools#cppWelcome
    at file:///opt/visual-studio-code/resources/app/out/vs/workbench/workbench.desktop.main.js:2314:47665
    at n.fire (file:///opt/visual-studio-code/resources/app/out/vs/workbench/workbench.desktop.main.js:60:1835)
    at T.progressStep (file:///opt/visual-studio-code/resources/app/out/vs/workbench/workbench.desktop.main.js:1999:51151)
    at file:///opt/visual-studio-code/resources/app/out/vs/workbench/workbench.desktop.main.js:1999:51486
    at Set.forEach (<anonymous>)
    at T.progressByEvent (file:///opt/visual-studio-code/resources/app/out/vs/workbench/workbench.desktop.main.js:1999:51470)
    at file:///opt/visual-studio-code/resources/app/out/vs/workbench/workbench.desktop.main.js:1999:39741
    at n.fire (file:///opt/visual-studio-code/resources/app/out/vs/workbench/workbench.desktop.main.js:60:1835)
    at p._tryExecuteCommand (file:///opt/visual-studio-code/resources/app/out/vs/workbench/workbench.desktop.main.js:1809:3556)
    at file:///opt/visual-studio-code/resources/app/out/vs/workbench/workbench.desktop.main.js:1809:3241
    at async u.open (file:///opt/visual-studio-code/resources/app/out/vs/workbench/workbench.desktop.main.js:628:19506)
    at async s.open (file:///opt/visual-studio-code/resources/app/out/vs/workbench/workbench.desktop.main.js:628:21506)
[2021-07-03 17:39:38.516] [renderer1] [error] Cannot read property 'children' of undefined: TypeError: Cannot read property 'children' of undefined
    at r.get children [as children] (file:///opt/visual-studio-code/resources/app/out/vs/workbench/workbench.desktop.main.js:1993:6208)
    at Object.l [as createTOCIterator] (file:///opt/visual-studio-code/resources/app/out/vs/workbench/workbench.desktop.main.js:1993:7603)
    at Jt.refreshTOCTree (file:///opt/visual-studio-code/resources/app/out/vs/workbench/workbench.desktop.main.js:2416:57208)
    at Jt.triggerSearch (file:///opt/visual-studio-code/resources/app/out/vs/workbench/workbench.desktop.main.js:2416:59072)
    at Jt.onSearchInputChanged (file:///opt/visual-studio-code/resources/app/out/vs/workbench/workbench.desktop.main.js:2416:57644)
    at file:///opt/visual-studio-code/resources/app/out/vs/workbench/workbench.desktop.main.js:2416:44291
    at n.fire (file:///opt/visual-studio-code/resources/app/out/vs/workbench/workbench.desktop.main.js:60:1835)
    at file:///opt/visual-studio-code/resources/app/out/vs/workbench/workbench.desktop.main.js:2240:14541
    at file:///opt/visual-studio-code/resources/app/out/vs/workbench/workbench.desktop.main.js:580:14168
    at n.fire (file:///opt/visual-studio-code/resources/app/out/vs/workbench/workbench.desktop.main.js:60:1835)
    at q.endDeferredEmit (file:///opt/visual-studio-code/resources/app/out/vs/workbench/workbench.desktop.main.js:589:30851)
    at z.pushEditOperations (file:///opt/visual-studio-code/resources/app/out/vs/workbench/workbench.desktop.main.js:587:936)
    at S.executeEdits (file:///opt/visual-studio-code/resources/app/out/vs/workbench/workbench.desktop.main.js:617:479)
    at file:///opt/visual-studio-code/resources/app/out/vs/workbench/workbench.desktop.main.js:618:3256
    at i._withViewEventsCollector (file:///opt/visual-studio-code/resources/app/out/vs/workbench/workbench.desktop.main.js:618:5334)
    at i._executeCursorEdit (file:///opt/visual-studio-code/resources/app/out/vs/workbench/workbench.desktop.main.js:618:3168)
    at i.executeEdits (file:///opt/visual-studio-code/resources/app/out/vs/workbench/workbench.desktop.main.js:618:3221)
    at dn.executeEdits (file:///opt/visual-studio-code/resources/app/out/vs/workbench/workbench.desktop.main.js:654:10688)
    at v.setValue (file:///opt/visual-studio-code/resources/app/out/vs/workbench/workbench.desktop.main.js:2240:15394)
    at Jt._setOptions (file:///opt/visual-studio-code/resources/app/out/vs/workbench/workbench.desktop.main.js:2416:40660)
    at Jt.setInput (file:///opt/visual-studio-code/resources/app/out/vs/workbench/workbench.desktop.main.js:2416:39937)
    at async u.doSetInput (file:///opt/visual-studio-code/resources/app/out/vs/workbench/workbench.desktop.main.js:2470:132720)
    at async u.openEditor (file:///opt/visual-studio-code/resources/app/out/vs/workbench/workbench.desktop.main.js:2470:131131)
    at async file:///opt/visual-studio-code/resources/app/out/vs/workbench/workbench.desktop.main.js:2680:16248
