[2021-07-03 15:06:42.087] [sharedprocess] [info] Installing extension: pkief.material-icon-theme
[2021-07-03 15:06:43.387] [sharedprocess] [info] Downloaded extension: pkief.material-icon-theme /home/dext3r/.config/Code/CachedExtensionVSIXs/pkief.material-icon-theme-4.7.0
[2021-07-03 15:06:43.740] [sharedprocess] [info] Extracted extension to /home/dext3r/.vscode/extensions/.b3762c96-b8f2-40d5-babb-c5fead938bc9: pkief.material-icon-theme
[2021-07-03 15:06:43.743] [sharedprocess] [info] Renamed to /home/dext3r/.vscode/extensions/pkief.material-icon-theme-4.7.0
[2021-07-03 15:06:43.743] [sharedprocess] [info] Installation completed. pkief.material-icon-theme
[2021-07-03 15:06:43.745] [sharedprocess] [info] Extensions installed successfully: pkief.material-icon-theme
[2021-07-03 15:06:53.673] [sharedprocess] [info] Installing extension: akamud.vscode-theme-onedark
[2021-07-03 15:06:54.628] [sharedprocess] [info] Downloaded extension: akamud.vscode-theme-onedark /home/dext3r/.config/Code/CachedExtensionVSIXs/akamud.vscode-theme-onedark-2.2.3
[2021-07-03 15:06:54.638] [sharedprocess] [info] Extracted extension to /home/dext3r/.vscode/extensions/.2a341985-f9d2-4937-a1a0-2a8336b2fd55: akamud.vscode-theme-onedark
[2021-07-03 15:06:54.639] [sharedprocess] [info] Renamed to /home/dext3r/.vscode/extensions/akamud.vscode-theme-onedark-2.2.3
[2021-07-03 15:06:54.640] [sharedprocess] [info] Installation completed. akamud.vscode-theme-onedark
[2021-07-03 15:06:54.641] [sharedprocess] [info] Extensions installed successfully: akamud.vscode-theme-onedark
[2021-07-03 15:07:01.810] [sharedprocess] [info] Installing extension: dracula-theme.theme-dracula
[2021-07-03 15:07:01.899] [sharedprocess] [info] Starting to clean up unused language packs.
[2021-07-03 15:07:02.662] [sharedprocess] [info] Downloaded extension: dracula-theme.theme-dracula /home/dext3r/.config/Code/CachedExtensionVSIXs/dracula-theme.theme-dracula-2.22.4
[2021-07-03 15:07:02.671] [sharedprocess] [info] Extracted extension to /home/dext3r/.vscode/extensions/.b9faa705-c3ec-486e-b6e6-32cfab810c39: dracula-theme.theme-dracula
[2021-07-03 15:07:02.673] [sharedprocess] [info] Renamed to /home/dext3r/.vscode/extensions/dracula-theme.theme-dracula-2.22.4
[2021-07-03 15:07:02.673] [sharedprocess] [info] Installation completed. dracula-theme.theme-dracula
[2021-07-03 15:07:02.674] [sharedprocess] [info] Extensions installed successfully: dracula-theme.theme-dracula
[2021-07-03 15:07:05.780] [sharedprocess] [info] Installing extension: zhuangtongfa.material-theme
[2021-07-03 15:07:06.651] [sharedprocess] [info] Downloaded extension: zhuangtongfa.material-theme /home/dext3r/.config/Code/CachedExtensionVSIXs/zhuangtongfa.material-theme-3.10.14
[2021-07-03 15:07:06.679] [sharedprocess] [info] Extracted extension to /home/dext3r/.vscode/extensions/.c1b0df70-cdcd-41c0-a124-cbaf85e9fede: zhuangtongfa.material-theme
[2021-07-03 15:07:06.680] [sharedprocess] [info] Renamed to /home/dext3r/.vscode/extensions/zhuangtongfa.material-theme-3.10.14
[2021-07-03 15:07:06.681] [sharedprocess] [info] Installation completed. zhuangtongfa.material-theme
[2021-07-03 15:07:06.683] [sharedprocess] [info] Extensions installed successfully: zhuangtongfa.material-theme
[2021-07-03 15:07:22.367] [sharedprocess] [info] Installing extension: teabyii.ayu
[2021-07-03 15:07:24.265] [sharedprocess] [info] Downloaded extension: teabyii.ayu /home/dext3r/.config/Code/CachedExtensionVSIXs/teabyii.ayu-0.20.1
[2021-07-03 15:07:24.371] [sharedprocess] [info] Extracted extension to /home/dext3r/.vscode/extensions/.3dd06e72-74a9-4697-bd4c-fb0c46c05803: teabyii.ayu
[2021-07-03 15:07:24.373] [sharedprocess] [info] Renamed to /home/dext3r/.vscode/extensions/teabyii.ayu-0.20.1
[2021-07-03 15:07:24.373] [sharedprocess] [info] Installation completed. teabyii.ayu
[2021-07-03 15:07:24.375] [sharedprocess] [info] Extensions installed successfully: teabyii.ayu
[2021-07-03 15:09:22.740] [sharedprocess] [info] Installing extension: hoovercj.vscode-power-mode
[2021-07-03 15:09:26.073] [sharedprocess] [info] Downloaded extension: hoovercj.vscode-power-mode /home/dext3r/.config/Code/CachedExtensionVSIXs/hoovercj.vscode-power-mode-2.2.0
[2021-07-03 15:09:26.144] [sharedprocess] [info] Extracted extension to /home/dext3r/.vscode/extensions/.fdcd718a-764a-4eed-b035-8595aea5b164: hoovercj.vscode-power-mode
[2021-07-03 15:09:26.146] [sharedprocess] [info] Renamed to /home/dext3r/.vscode/extensions/hoovercj.vscode-power-mode-2.2.0
[2021-07-03 15:09:26.146] [sharedprocess] [info] Installation completed. hoovercj.vscode-power-mode
[2021-07-03 15:09:26.147] [sharedprocess] [info] Extensions installed successfully: hoovercj.vscode-power-mode
[2021-07-03 15:15:22.712] [sharedprocess] [info] Installing extension: ms-vscode.cpptools
[2021-07-03 15:15:24.578] [sharedprocess] [info] Downloaded extension: ms-vscode.cpptools /home/dext3r/.config/Code/CachedExtensionVSIXs/ms-vscode.cpptools-1.4.1
[2021-07-03 15:15:24.715] [sharedprocess] [info] Extracted extension to /home/dext3r/.vscode/extensions/.419b14e8-a4ed-4be4-894b-f4c5cfb1bd8a: ms-vscode.cpptools
[2021-07-03 15:15:24.720] [sharedprocess] [info] Renamed to /home/dext3r/.vscode/extensions/ms-vscode.cpptools-1.4.1
[2021-07-03 15:15:24.721] [sharedprocess] [info] Installation completed. ms-vscode.cpptools
[2021-07-03 15:15:24.725] [sharedprocess] [info] Extensions installed successfully: ms-vscode.cpptools
[2021-07-03 15:15:28.316] [sharedprocess] [info] Installing extension: formulahendry.code-runner
[2021-07-03 15:15:30.014] [sharedprocess] [info] Installing extension: esbenp.prettier-vscode
[2021-07-03 15:15:30.016] [sharedprocess] [info] Downloaded extension: formulahendry.code-runner /home/dext3r/.config/Code/CachedExtensionVSIXs/formulahendry.code-runner-0.11.4
[2021-07-03 15:15:30.084] [sharedprocess] [info] Extracted extension to /home/dext3r/.vscode/extensions/.973f2afb-d07c-483f-9208-10be4bef223b: formulahendry.code-runner
[2021-07-03 15:15:30.086] [sharedprocess] [info] Renamed to /home/dext3r/.vscode/extensions/formulahendry.code-runner-0.11.4
[2021-07-03 15:15:30.086] [sharedprocess] [info] Installation completed. formulahendry.code-runner
[2021-07-03 15:15:30.088] [sharedprocess] [info] Extensions installed successfully: formulahendry.code-runner
[2021-07-03 15:15:31.725] [sharedprocess] [info] Downloaded extension: esbenp.prettier-vscode /home/dext3r/.config/Code/CachedExtensionVSIXs/esbenp.prettier-vscode-8.0.1
[2021-07-03 15:15:31.809] [sharedprocess] [info] Extracted extension to /home/dext3r/.vscode/extensions/.a9e741c6-32cd-47f8-8818-673cf1b506a4: esbenp.prettier-vscode
[2021-07-03 15:15:31.811] [sharedprocess] [info] Renamed to /home/dext3r/.vscode/extensions/esbenp.prettier-vscode-8.0.1
[2021-07-03 15:15:31.811] [sharedprocess] [info] Installation completed. esbenp.prettier-vscode
[2021-07-03 15:15:31.813] [sharedprocess] [info] Extensions installed successfully: esbenp.prettier-vscode
